<?xml version="1.0" encoding="UTF-8"?>
<!-- Generated by org.testng.reporters.JUnitXMLReporter -->
<testsuite ignored="0" hostname="BBPL-LAP199" failures="1" tests="1" name="Default test" time="7.279" errors="0" timestamp="2023-04-14T11:31:43 IST">
  <testcase classname="io.cucumber.testng.AbstractTestNGCucumberTests" name="runScenario" time="6.329">
    <failure type="java.lang.NullPointerException" message="Cannot invoke &amp;quot;org.openqa.selenium.WebElement.findElement(org.openqa.selenium.By)&amp;quot; because &amp;quot;prod&amp;quot; is null">
      <![CDATA[java.lang.NullPointerException: Cannot invoke "org.openqa.selenium.WebElement.findElement(org.openqa.selenium.By)" because "prod" is null
at SourabhMishra.pageobjects.catelouguePage.addProducttoCart(catelouguePage.java:54)
at SourabhMishra.stepDefinations.stepDefinationsimp.i_add_product_to_cart(stepDefinationsimp.java:42)
at ✽.I add product adidas original to cart(file:///C:/Software/eclips_workspace/seleniumMavenFrameworkDesign/src/test/java/cucumber/PurchaseOrder.feature:10)
]]>
    </failure>
  </testcase> <!-- runScenario -->
</testsuite> <!-- Default test -->
