<?xml version="1.0" encoding="UTF-8"?>
<!-- Generated by org.testng.reporters.JUnitXMLReporter -->
<testsuite ignored="0" hostname="BBPL-LAP199" failures="1" tests="2" name="Error Validations Test" time="12.204" errors="0" timestamp="2023-04-12T14:46:29 IST">
  <testcase classname="SourabhMishra.Test.ErrorValidations" name="loginErrorValidation" time="0.994">
    <failure type="java.lang.AssertionError" message="expected [Incorrect email or password.] but found [Incorrect email  password.]">
      <![CDATA[java.lang.AssertionError: expected [Incorrect email or password.] but found [Incorrect email  password.]
at SourabhMishra.Test.ErrorValidations.loginErrorValidation(ErrorValidations.java:26)
at java.base/java.util.ArrayList.forEach(ArrayList.java:1511)
at java.base/java.util.concurrent.FutureTask.run(FutureTask.java:264)
at java.base/java.util.concurrent.ThreadPoolExecutor.runWorker(ThreadPoolExecutor.java:1136)
at java.base/java.util.concurrent.ThreadPoolExecutor$Worker.run(ThreadPoolExecutor.java:635)
at java.base/java.lang.Thread.run(Thread.java:833)
... Removed 23 stack frames]]>
    </failure>
  </testcase> <!-- loginErrorValidation -->
  <testcase classname="SourabhMishra.Test.ErrorValidations" name="productErrorValidation" time="2.566"/>
</testsuite> <!-- Error Validations Test -->
