<?xml version="1.0" encoding="UTF-8"?>
<!-- Generated by org.testng.reporters.JUnitXMLReporter -->
<testsuite ignored="0" hostname="BBPL-LAP199" failures="0" tests="3" name="Stand Alone Test" time="21.394" errors="0" timestamp="2023-04-12T14:46:38 IST">
  <testcase classname="SourabhMishra.Test.StandAloneTest" name="StandAloneTest" time="4.318"/>
  <testcase classname="SourabhMishra.Test.StandAloneTest" name="StandAloneTest" time="5.007"/>
  <testcase classname="SourabhMishra.Test.StandAloneTest" name="orderHistoryTest" time="0.608"/>
</testsuite> <!-- Stand Alone Test -->
