<?xml version="1.0" encoding="UTF-8"?>
<!-- Generated by org.testng.reporters.JUnitXMLReporter -->
<testsuite ignored="0" hostname="BBPL-LAP199" failures="0" tests="3" name="Stand Alone Test" time="0.358" errors="0" timestamp="2023-03-09T14:40:48 IST">
  <testcase classname="SourabhMishra.Test.StandAloneTest" name="StandAloneTest" time="0.0">
    <skipped/>
  </testcase> <!-- StandAloneTest -->
  <testcase classname="SourabhMishra.Test.StandAloneTest" name="StandAloneTest" time="0.0">
    <skipped/>
  </testcase> <!-- StandAloneTest -->
  <testcase classname="SourabhMishra.Test.StandAloneTest" name="orderHistoryTest" time="0.0">
    <skipped/>
  </testcase> <!-- orderHistoryTest -->
</testsuite> <!-- Stand Alone Test -->
