<?xml version="1.0" encoding="UTF-8"?>
<testsuite xmlns:xsi="http://www.w3.org/2001/XMLSchema-instance" xsi:noNamespaceSchemaLocation="https://maven.apache.org/surefire/maven-surefire-plugin/xsd/surefire-test-report.xsd" name="TestSuite" time="14.183" tests="3" errors="0" skipped="1" failures="2">
  <properties>
[...]
</properties>
  <testcase name="StandAloneTest" classname="SourabhMishra.Test.StandAloneTest" time="1.333">
    <failure message="element click intercepted: Element is not clickable at point (391, 727)&#10;  (Session info: headless chrome=110.0.5481.178)&#10;Build info: version: &apos;4.7.2&apos;, revision: &apos;4d4020c3b7&apos;&#10;System info: os.name: &apos;Windows 11&apos;, os.arch: &apos;amd64&apos;, os.version: &apos;10.0&apos;, java.version: &apos;11.0.16&apos;&#10;Driver info: org.openqa.selenium.chrome.ChromeDriver&#10;Command: [d5c93022a9aa61cd685e0f5a67965529, clickElement {id=84a4c30a-0436-4c75-9c1f-87bddcbe6470}]&#10;Capabilities {acceptInsecureCerts: false, browserName: chrome, browserVersion: 110.0.5481.178, chrome: {chromedriverVersion: 110.0.5481.77 (65ed616c6e8e..., userDataDir: C:\Users\BBPL\AppData\Local...}, goog:chromeOptions: {debuggerAddress: localhost:51786}, networkConnectionEnabled: false, pageLoadStrategy: normal, platformName: WINDOWS, proxy: Proxy(), se:cdp: ws://localhost:51786/devtoo..., se:cdpVersion: 110.0.5481.178, setWindowRect: true, strictFileInteractability: false, timeouts: {implicit: 0, pageLoad: 300000, script: 30000}, unhandledPromptBehavior: dismiss and notify, webauthn:extension:credBlob: true, webauthn:extension:largeBlob: true, webauthn:virtualAuthenticators: true}&#10;Element: [[ChromeDriver: chrome on WINDOWS (d5c93022a9aa61cd685e0f5a67965529)] -&gt; id: login]&#10;Session ID: d5c93022a9aa61cd685e0f5a67965529" type="org.openqa.selenium.ElementClickInterceptedException">org.openqa.selenium.ElementClickInterceptedException: 
element click intercepted: Element is not clickable at point (391, 727)
  (Session info: headless chrome=110.0.5481.178)
Build info: version: '4.7.2', revision: '4d4020c3b7'
System info: os.name: 'Windows 11', os.arch: 'amd64', os.version: '10.0', java.version: '11.0.16'
Driver info: org.openqa.selenium.chrome.ChromeDriver
Command: [d5c93022a9aa61cd685e0f5a67965529, clickElement {id=84a4c30a-0436-4c75-9c1f-87bddcbe6470}]
Capabilities {acceptInsecureCerts: false, browserName: chrome, browserVersion: 110.0.5481.178, chrome: {chromedriverVersion: 110.0.5481.77 (65ed616c6e8e..., userDataDir: C:\Users\BBPL\AppData\Local...}, goog:chromeOptions: {debuggerAddress: localhost:51786}, networkConnectionEnabled: false, pageLoadStrategy: normal, platformName: WINDOWS, proxy: Proxy(), se:cdp: ws://localhost:51786/devtoo..., se:cdpVersion: 110.0.5481.178, setWindowRect: true, strictFileInteractability: false, timeouts: {implicit: 0, pageLoad: 300000, script: 30000}, unhandledPromptBehavior: dismiss and notify, webauthn:extension:credBlob: true, webauthn:extension:largeBlob: true, webauthn:virtualAuthenticators: true}
Element: [[ChromeDriver: chrome on WINDOWS (d5c93022a9aa61cd685e0f5a67965529)] -> id: login]
Session ID: d5c93022a9aa61cd685e0f5a67965529
	at SourabhMishra.Test.StandAloneTest.StandAloneTest(StandAloneTest.java:40)
</failure>
    <system-err><![CDATA[SLF4J: Failed to load class "org.slf4j.impl.StaticLoggerBinder".
SLF4J: Defaulting to no-operation (NOP) logger implementation
SLF4J: See http://www.slf4j.org/codes.html#StaticLoggerBinder for further details.
Starting ChromeDriver 110.0.5481.77 (65ed616c6e8ee3fe0ad64fe83796c020644d42af-refs/branch-heads/5481@{#839}) on port 29965
Only local connections are allowed.
Please see https://chromedriver.chromium.org/security-considerations for suggestions on keeping ChromeDriver safe.
ChromeDriver was started successfully.
[1678355599.091][WARNING]: virtual void DevToolsClientImpl::AddListener(DevToolsEventListener *) subscribing a listener to the already connected DevToolsClient. Connection notification will not arrive.
Mar 09, 2023 3:23:19 PM org.openqa.selenium.devtools.CdpVersionFinder findNearestMatch
WARNING: Unable to find an exact match for CDP version 110, so returning the closest version found: 108
]]></system-err>
  </testcase>
  <testcase name="StandAloneTest" classname="SourabhMishra.Test.StandAloneTest" time="1.262">
    <failure message="element click intercepted: Element is not clickable at point (391, 720)&#10;  (Session info: headless chrome=110.0.5481.178)&#10;Build info: version: &apos;4.7.2&apos;, revision: &apos;4d4020c3b7&apos;&#10;System info: os.name: &apos;Windows 11&apos;, os.arch: &apos;amd64&apos;, os.version: &apos;10.0&apos;, java.version: &apos;11.0.16&apos;&#10;Driver info: org.openqa.selenium.chrome.ChromeDriver&#10;Command: [61d4a11d56daabd65d3958cbb3cc368d, clickElement {id=e2d60907-5307-4aa5-82b3-824f4795748c}]&#10;Capabilities {acceptInsecureCerts: false, browserName: chrome, browserVersion: 110.0.5481.178, chrome: {chromedriverVersion: 110.0.5481.77 (65ed616c6e8e..., userDataDir: C:\Users\BBPL\AppData\Local...}, goog:chromeOptions: {debuggerAddress: localhost:51826}, networkConnectionEnabled: false, pageLoadStrategy: normal, platformName: WINDOWS, proxy: Proxy(), se:cdp: ws://localhost:51826/devtoo..., se:cdpVersion: 110.0.5481.178, setWindowRect: true, strictFileInteractability: false, timeouts: {implicit: 0, pageLoad: 300000, script: 30000}, unhandledPromptBehavior: dismiss and notify, webauthn:extension:credBlob: true, webauthn:extension:largeBlob: true, webauthn:virtualAuthenticators: true}&#10;Element: [[ChromeDriver: chrome on WINDOWS (61d4a11d56daabd65d3958cbb3cc368d)] -&gt; id: login]&#10;Session ID: 61d4a11d56daabd65d3958cbb3cc368d" type="org.openqa.selenium.ElementClickInterceptedException">org.openqa.selenium.ElementClickInterceptedException: 
element click intercepted: Element is not clickable at point (391, 720)
  (Session info: headless chrome=110.0.5481.178)
Build info: version: '4.7.2', revision: '4d4020c3b7'
System info: os.name: 'Windows 11', os.arch: 'amd64', os.version: '10.0', java.version: '11.0.16'
Driver info: org.openqa.selenium.chrome.ChromeDriver
Command: [61d4a11d56daabd65d3958cbb3cc368d, clickElement {id=e2d60907-5307-4aa5-82b3-824f4795748c}]
Capabilities {acceptInsecureCerts: false, browserName: chrome, browserVersion: 110.0.5481.178, chrome: {chromedriverVersion: 110.0.5481.77 (65ed616c6e8e..., userDataDir: C:\Users\BBPL\AppData\Local...}, goog:chromeOptions: {debuggerAddress: localhost:51826}, networkConnectionEnabled: false, pageLoadStrategy: normal, platformName: WINDOWS, proxy: Proxy(), se:cdp: ws://localhost:51826/devtoo..., se:cdpVersion: 110.0.5481.178, setWindowRect: true, strictFileInteractability: false, timeouts: {implicit: 0, pageLoad: 300000, script: 30000}, unhandledPromptBehavior: dismiss and notify, webauthn:extension:credBlob: true, webauthn:extension:largeBlob: true, webauthn:virtualAuthenticators: true}
Element: [[ChromeDriver: chrome on WINDOWS (61d4a11d56daabd65d3958cbb3cc368d)] -> id: login]
Session ID: 61d4a11d56daabd65d3958cbb3cc368d
	at SourabhMishra.Test.StandAloneTest.StandAloneTest(StandAloneTest.java:40)
</failure>
    <system-err><![CDATA[Starting ChromeDriver 110.0.5481.77 (65ed616c6e8ee3fe0ad64fe83796c020644d42af-refs/branch-heads/5481@{#839}) on port 41459
Only local connections are allowed.
Please see https://chromedriver.chromium.org/security-considerations for suggestions on keeping ChromeDriver safe.
ChromeDriver was started successfully.
[1678355605.273][WARNING]: virtual void DevToolsClientImpl::AddListener(DevToolsEventListener *) subscribing a listener to the already connected DevToolsClient. Connection notification will not arrive.
Mar 09, 2023 3:23:25 PM org.openqa.selenium.devtools.CdpVersionFinder findNearestMatch
WARNING: Unable to find an exact match for CDP version 110, so returning the closest version found: 108
]]></system-err>
  </testcase>
  <testcase name="orderHistoryTest" classname="SourabhMishra.Test.StandAloneTest" time="0">
    <skipped message="Method SourabhMishra.Test.StandAloneTest.orderHistoryTest() on instance SourabhMishra.Test.StandAloneTest@770d3326 depends on not successfully finished methods &#10;[SourabhMishra.Test.StandAloneTest.StandAloneTest() on instance SourabhMishra.Test.StandAloneTest@770d3326]"/>
  </testcase>
</testsuite>