<?xml version="1.0" encoding="UTF-8"?>
<!-- Generated by org.testng.reporters.JUnitReportReporter -->
<testsuite hostname="BBPL-LAP199" failures="0" tests="1" name="cucumber.TestngTestRunner" time="6.329" errors="1" timestamp="2023-04-14T11:31:43 IST" skipped="0">
  <testcase classname="cucumber.TestngTestRunner" name="runScenario" time="6.329">
    <error message="Cannot invoke &quot;org.openqa.selenium.WebElement.findElement(org.openqa.selenium.By)&quot; because &quot;prod&quot; is null" type="java.lang.NullPointerException">
      <![CDATA[java.lang.NullPointerException: Cannot invoke "org.openqa.selenium.WebElement.findElement(org.openqa.selenium.By)" because "prod" is null
at SourabhMishra.pageobjects.catelouguePage.addProducttoCart(catelouguePage.java:54)
at SourabhMishra.stepDefinations.stepDefinationsimp.i_add_product_to_cart(stepDefinationsimp.java:42)
at ✽.I add product adidas original to cart(file:///C:/Software/eclips_workspace/seleniumMavenFrameworkDesign/src/test/java/cucumber/PurchaseOrder.feature:10)
]]>
    </error>
  </testcase> <!-- runScenario -->
  <system-out/>
</testsuite> <!-- cucumber.TestngTestRunner -->
